[DEBUG][2025-09-19 15:20:46,257] - Logging initialized. Log file: C:\Users\ennis\Documents\Financien_Werk_OV\my_works\Courses TM\2025-2026\Semester 1\AIFrameworks\logs\script_log_20250919_152046.log
[INFO][2025-09-19 15:20:46,258] - Verbose mode disabled
[DEBUG][2025-09-19 15:20:49,769] - Initialized ViolaJones with input image: C:\Users\ennis\Documents\Financien_Werk_OV\my_works\Courses TM\2025-2026\Semester 1\AIFrameworks\dataset\input\group_photo.jpg, output directory: C:\Users\ennis\Documents\Financien_Werk_OV\my_works\Courses TM\2025-2026\Semester 1\AIFrameworks\dataset\output, cascade type: FRONTALFACE_DEFAULT
[DEBUG][2025-09-19 15:20:52,422] - Detected 21 faces
[INFO][2025-09-19 15:20:52,466] - Output image saved to C:\Users\ennis\Documents\Financien_Werk_OV\my_works\Courses TM\2025-2026\Semester 1\AIFrameworks\dataset\output\group_photo_viola_jones_output..jpg
[INFO][2025-09-19 15:21:11,694] - Cropped image saved to C:\Users\ennis\Documents\Financien_Werk_OV\my_works\Courses TM\2025-2026\Semester 1\AIFrameworks\dataset\output\group_photo\face_00_viola_jones_output..jpg
[INFO][2025-09-19 15:21:20,525] - Cropped image saved to C:\Users\ennis\Documents\Financien_Werk_OV\my_works\Courses TM\2025-2026\Semester 1\AIFrameworks\dataset\output\group_photo\face_01_viola_jones_output..jpg
[INFO][2025-09-19 15:21:23,096] - Cropped image saved to C:\Users\ennis\Documents\Financien_Werk_OV\my_works\Courses TM\2025-2026\Semester 1\AIFrameworks\dataset\output\group_photo\face_02_viola_jones_output..jpg
[INFO][2025-09-19 15:21:32,879] - Cropped image saved to C:\Users\ennis\Documents\Financien_Werk_OV\my_works\Courses TM\2025-2026\Semester 1\AIFrameworks\dataset\output\group_photo\face_03_viola_jones_output..jpg
[INFO][2025-09-19 15:21:34,442] - Cropped image saved to C:\Users\ennis\Documents\Financien_Werk_OV\my_works\Courses TM\2025-2026\Semester 1\AIFrameworks\dataset\output\group_photo\face_04_viola_jones_output..jpg
[INFO][2025-09-19 15:21:35,230] - Cropped image saved to C:\Users\ennis\Documents\Financien_Werk_OV\my_works\Courses TM\2025-2026\Semester 1\AIFrameworks\dataset\output\group_photo\face_05_viola_jones_output..jpg
[INFO][2025-09-19 15:21:36,293] - Cropped image saved to C:\Users\ennis\Documents\Financien_Werk_OV\my_works\Courses TM\2025-2026\Semester 1\AIFrameworks\dataset\output\group_photo\face_06_viola_jones_output..jpg
[INFO][2025-09-19 15:21:36,755] - Cropped image saved to C:\Users\ennis\Documents\Financien_Werk_OV\my_works\Courses TM\2025-2026\Semester 1\AIFrameworks\dataset\output\group_photo\face_07_viola_jones_output..jpg
[INFO][2025-09-19 15:21:37,562] - Cropped image saved to C:\Users\ennis\Documents\Financien_Werk_OV\my_works\Courses TM\2025-2026\Semester 1\AIFrameworks\dataset\output\group_photo\face_08_viola_jones_output..jpg
[INFO][2025-09-19 15:21:38,006] - Cropped image saved to C:\Users\ennis\Documents\Financien_Werk_OV\my_works\Courses TM\2025-2026\Semester 1\AIFrameworks\dataset\output\group_photo\face_09_viola_jones_output..jpg
[INFO][2025-09-19 15:21:38,379] - Cropped image saved to C:\Users\ennis\Documents\Financien_Werk_OV\my_works\Courses TM\2025-2026\Semester 1\AIFrameworks\dataset\output\group_photo\face_10_viola_jones_output..jpg
[INFO][2025-09-19 15:21:38,842] - Cropped image saved to C:\Users\ennis\Documents\Financien_Werk_OV\my_works\Courses TM\2025-2026\Semester 1\AIFrameworks\dataset\output\group_photo\face_11_viola_jones_output..jpg
[INFO][2025-09-19 15:21:39,435] - Cropped image saved to C:\Users\ennis\Documents\Financien_Werk_OV\my_works\Courses TM\2025-2026\Semester 1\AIFrameworks\dataset\output\group_photo\face_12_viola_jones_output..jpg
[INFO][2025-09-19 15:21:39,904] - Cropped image saved to C:\Users\ennis\Documents\Financien_Werk_OV\my_works\Courses TM\2025-2026\Semester 1\AIFrameworks\dataset\output\group_photo\face_13_viola_jones_output..jpg
[INFO][2025-09-19 15:21:40,272] - Cropped image saved to C:\Users\ennis\Documents\Financien_Werk_OV\my_works\Courses TM\2025-2026\Semester 1\AIFrameworks\dataset\output\group_photo\face_14_viola_jones_output..jpg
[INFO][2025-09-19 15:21:40,982] - Cropped image saved to C:\Users\ennis\Documents\Financien_Werk_OV\my_works\Courses TM\2025-2026\Semester 1\AIFrameworks\dataset\output\group_photo\face_15_viola_jones_output..jpg
[INFO][2025-09-19 15:21:41,559] - Cropped image saved to C:\Users\ennis\Documents\Financien_Werk_OV\my_works\Courses TM\2025-2026\Semester 1\AIFrameworks\dataset\output\group_photo\face_16_viola_jones_output..jpg
[INFO][2025-09-19 15:21:42,011] - Cropped image saved to C:\Users\ennis\Documents\Financien_Werk_OV\my_works\Courses TM\2025-2026\Semester 1\AIFrameworks\dataset\output\group_photo\face_17_viola_jones_output..jpg
[INFO][2025-09-19 15:21:42,471] - Cropped image saved to C:\Users\ennis\Documents\Financien_Werk_OV\my_works\Courses TM\2025-2026\Semester 1\AIFrameworks\dataset\output\group_photo\face_18_viola_jones_output..jpg
[INFO][2025-09-19 15:21:42,885] - Cropped image saved to C:\Users\ennis\Documents\Financien_Werk_OV\my_works\Courses TM\2025-2026\Semester 1\AIFrameworks\dataset\output\group_photo\face_19_viola_jones_output..jpg
[INFO][2025-09-19 15:21:43,914] - Cropped image saved to C:\Users\ennis\Documents\Financien_Werk_OV\my_works\Courses TM\2025-2026\Semester 1\AIFrameworks\dataset\output\group_photo\face_20_viola_jones_output..jpg
[DEBUG][2025-09-19 15:21:43,972] - Initialized ViolaJones with input image: C:\Users\ennis\Documents\Financien_Werk_OV\my_works\Courses TM\2025-2026\Semester 1\AIFrameworks\dataset\input\group_photo_2.jpg, output directory: C:\Users\ennis\Documents\Financien_Werk_OV\my_works\Courses TM\2025-2026\Semester 1\AIFrameworks\dataset\output, cascade type: FRONTALFACE_DEFAULT
[DEBUG][2025-09-19 15:21:44,844] - Detected 25 faces
[INFO][2025-09-19 15:21:44,883] - Output image saved to C:\Users\ennis\Documents\Financien_Werk_OV\my_works\Courses TM\2025-2026\Semester 1\AIFrameworks\dataset\output\group_photo_2_viola_jones_output..jpg
[INFO][2025-09-19 15:21:47,719] - Cropped image saved to C:\Users\ennis\Documents\Financien_Werk_OV\my_works\Courses TM\2025-2026\Semester 1\AIFrameworks\dataset\output\group_photo_2\face_00_viola_jones_output..jpg
[INFO][2025-09-19 15:21:48,232] - Cropped image saved to C:\Users\ennis\Documents\Financien_Werk_OV\my_works\Courses TM\2025-2026\Semester 1\AIFrameworks\dataset\output\group_photo_2\face_01_viola_jones_output..jpg
[INFO][2025-09-19 15:21:49,001] - Cropped image saved to C:\Users\ennis\Documents\Financien_Werk_OV\my_works\Courses TM\2025-2026\Semester 1\AIFrameworks\dataset\output\group_photo_2\face_02_viola_jones_output..jpg
[INFO][2025-09-19 15:21:49,445] - Cropped image saved to C:\Users\ennis\Documents\Financien_Werk_OV\my_works\Courses TM\2025-2026\Semester 1\AIFrameworks\dataset\output\group_photo_2\face_03_viola_jones_output..jpg
[INFO][2025-09-19 15:21:49,643] - Cropped image saved to C:\Users\ennis\Documents\Financien_Werk_OV\my_works\Courses TM\2025-2026\Semester 1\AIFrameworks\dataset\output\group_photo_2\face_04_viola_jones_output..jpg
[INFO][2025-09-19 15:21:49,847] - Cropped image saved to C:\Users\ennis\Documents\Financien_Werk_OV\my_works\Courses TM\2025-2026\Semester 1\AIFrameworks\dataset\output\group_photo_2\face_05_viola_jones_output..jpg
[INFO][2025-09-19 15:21:50,049] - Cropped image saved to C:\Users\ennis\Documents\Financien_Werk_OV\my_works\Courses TM\2025-2026\Semester 1\AIFrameworks\dataset\output\group_photo_2\face_06_viola_jones_output..jpg
[INFO][2025-09-19 15:21:50,515] - Cropped image saved to C:\Users\ennis\Documents\Financien_Werk_OV\my_works\Courses TM\2025-2026\Semester 1\AIFrameworks\dataset\output\group_photo_2\face_07_viola_jones_output..jpg
[INFO][2025-09-19 15:21:50,765] - Cropped image saved to C:\Users\ennis\Documents\Financien_Werk_OV\my_works\Courses TM\2025-2026\Semester 1\AIFrameworks\dataset\output\group_photo_2\face_08_viola_jones_output..jpg
[INFO][2025-09-19 15:21:51,433] - Cropped image saved to C:\Users\ennis\Documents\Financien_Werk_OV\my_works\Courses TM\2025-2026\Semester 1\AIFrameworks\dataset\output\group_photo_2\face_09_viola_jones_output..jpg
[INFO][2025-09-19 15:21:51,849] - Cropped image saved to C:\Users\ennis\Documents\Financien_Werk_OV\my_works\Courses TM\2025-2026\Semester 1\AIFrameworks\dataset\output\group_photo_2\face_10_viola_jones_output..jpg
[INFO][2025-09-19 15:21:52,064] - Cropped image saved to C:\Users\ennis\Documents\Financien_Werk_OV\my_works\Courses TM\2025-2026\Semester 1\AIFrameworks\dataset\output\group_photo_2\face_11_viola_jones_output..jpg
[INFO][2025-09-19 15:21:52,360] - Cropped image saved to C:\Users\ennis\Documents\Financien_Werk_OV\my_works\Courses TM\2025-2026\Semester 1\AIFrameworks\dataset\output\group_photo_2\face_12_viola_jones_output..jpg
[INFO][2025-09-19 15:21:52,699] - Cropped image saved to C:\Users\ennis\Documents\Financien_Werk_OV\my_works\Courses TM\2025-2026\Semester 1\AIFrameworks\dataset\output\group_photo_2\face_13_viola_jones_output..jpg
[INFO][2025-09-19 15:21:52,993] - Cropped image saved to C:\Users\ennis\Documents\Financien_Werk_OV\my_works\Courses TM\2025-2026\Semester 1\AIFrameworks\dataset\output\group_photo_2\face_14_viola_jones_output..jpg
[INFO][2025-09-19 15:21:53,273] - Cropped image saved to C:\Users\ennis\Documents\Financien_Werk_OV\my_works\Courses TM\2025-2026\Semester 1\AIFrameworks\dataset\output\group_photo_2\face_15_viola_jones_output..jpg
[INFO][2025-09-19 15:21:53,756] - Cropped image saved to C:\Users\ennis\Documents\Financien_Werk_OV\my_works\Courses TM\2025-2026\Semester 1\AIFrameworks\dataset\output\group_photo_2\face_16_viola_jones_output..jpg
[INFO][2025-09-19 15:21:54,474] - Cropped image saved to C:\Users\ennis\Documents\Financien_Werk_OV\my_works\Courses TM\2025-2026\Semester 1\AIFrameworks\dataset\output\group_photo_2\face_17_viola_jones_output..jpg
[INFO][2025-09-19 15:21:54,931] - Cropped image saved to C:\Users\ennis\Documents\Financien_Werk_OV\my_works\Courses TM\2025-2026\Semester 1\AIFrameworks\dataset\output\group_photo_2\face_18_viola_jones_output..jpg
[INFO][2025-09-19 15:21:56,638] - Cropped image saved to C:\Users\ennis\Documents\Financien_Werk_OV\my_works\Courses TM\2025-2026\Semester 1\AIFrameworks\dataset\output\group_photo_2\face_19_viola_jones_output..jpg
[INFO][2025-09-19 15:21:57,047] - Cropped image saved to C:\Users\ennis\Documents\Financien_Werk_OV\my_works\Courses TM\2025-2026\Semester 1\AIFrameworks\dataset\output\group_photo_2\face_20_viola_jones_output..jpg
[INFO][2025-09-19 15:21:57,227] - Cropped image saved to C:\Users\ennis\Documents\Financien_Werk_OV\my_works\Courses TM\2025-2026\Semester 1\AIFrameworks\dataset\output\group_photo_2\face_21_viola_jones_output..jpg
[INFO][2025-09-19 15:21:57,431] - Cropped image saved to C:\Users\ennis\Documents\Financien_Werk_OV\my_works\Courses TM\2025-2026\Semester 1\AIFrameworks\dataset\output\group_photo_2\face_22_viola_jones_output..jpg
[INFO][2025-09-19 15:21:57,645] - Cropped image saved to C:\Users\ennis\Documents\Financien_Werk_OV\my_works\Courses TM\2025-2026\Semester 1\AIFrameworks\dataset\output\group_photo_2\face_23_viola_jones_output..jpg
[INFO][2025-09-19 15:21:57,793] - Cropped image saved to C:\Users\ennis\Documents\Financien_Werk_OV\my_works\Courses TM\2025-2026\Semester 1\AIFrameworks\dataset\output\group_photo_2\face_24_viola_jones_output..jpg
